\BOOKMARK [1][-]{section.1}{\376\377\000U\000v\000o\000d}{}% 1
\BOOKMARK [2][-]{subsection.1.1}{\376\377\000F\000o\000r\000m\000u\000l\000a\000c\000i\000j\000a\000\040\000p\000r\000o\000b\000l\000e\000m\000a\000\040\000i\000\040\000r\000e\000p\000r\000e\000z\000e\000n\000t\000a\000c\000i\000j\000a\000\040\000r\000e\001\141\000e\000n\000j\000a}{section.1}% 2
\BOOKMARK [1][-]{section.2}{\376\377\000E\000v\000o\000l\000u\000c\000i\000o\000n\000i\000\040\000a\000l\000g\000o\000r\000i\000t\000m\000i\000\040\000\050\000E\000A\000\051}{}% 3
\BOOKMARK [2][-]{subsection.2.1}{\376\377\000P\000s\000e\000u\000d\000o\000k\000o\000d\000\040\000E\000A}{section.2}% 4
\BOOKMARK [2][-]{subsection.2.2}{\376\377\000I\000n\000i\000c\000i\000j\000a\000l\000i\000z\000a\000c\000i\000j\000a\000\040\000r\000e\001\141\000e\000n\000j\000a}{section.2}% 5
\BOOKMARK [2][-]{subsection.2.3}{\376\377\000F\000i\000t\000n\000e\000s\000\040\000f\000u\000n\000k\000c\000i\000j\000a}{section.2}% 6
\BOOKMARK [3][-]{subsubsection.2.3.1}{\376\377\000F\000i\000t\000n\000e\000s\000\040\000f\000u\000n\000k\000c\000i\000j\000a\000\040\000S\000A\000W}{subsection.2.3}% 7
\BOOKMARK [3][-]{subsubsection.2.3.2}{\376\377\000F\000i\000t\000n\000e\000s\000\040\000f\000u\000n\000k\000c\000i\000j\000a\000\040\000R\000F\000E\000A}{subsection.2.3}% 8
\BOOKMARK [2][-]{subsection.2.4}{\376\377\000S\000e\000l\000e\000k\000c\000i\000j\000a}{section.2}% 9
\BOOKMARK [3][-]{subsubsection.2.4.1}{\376\377\000R\000u\000l\000e\000t\000s\000k\000a\000\040\000s\000e\000l\000e\000k\000c\000i\000j\000a}{subsection.2.4}% 10
\BOOKMARK [3][-]{subsubsection.2.4.2}{\376\377\000T\000u\000r\000n\000i\000r\000s\000k\000a\000\040\000s\000e\000l\000e\000k\000c\000i\000j\000a}{subsection.2.4}% 11
\BOOKMARK [2][-]{subsection.2.5}{\376\377\000U\000k\000r\001\141\000t\000a\000n\000j\000e}{section.2}% 12
\BOOKMARK [2][-]{subsection.2.6}{\376\377\000M\000u\000t\000a\000c\000i\000j\000a}{section.2}% 13
\BOOKMARK [3][-]{subsubsection.2.6.1}{\376\377\000S\000l\000u\001\015\000a\000j\000n\000a\000\040\000m\000u\000t\000a\000c\000i\000j\000a}{subsection.2.6}% 14
\BOOKMARK [3][-]{subsubsection.2.6.2}{\376\377\000M\000u\000t\000a\000c\000i\000j\000a\000\040\000j\000e\000d\000n\000o\000g\000\040\000b\000i\000t\000a}{subsection.2.6}% 15
\BOOKMARK [3][-]{subsubsection.2.6.3}{\376\377\000S\000l\000u\001\015\000a\000j\000n\000o\000-\000p\000r\000i\000l\000a\000g\000o\000d\000l\000j\000i\000v\000a\000\040\000m\000u\000t\000a\000c\000i\000j\000a}{subsection.2.6}% 16
\BOOKMARK [3][-]{subsubsection.2.6.4}{\376\377\000M\000u\000t\000a\000c\000i\000j\000a\000\040\000z\000a\000s\000n\000o\000v\000a\000n\000a\000\040\000n\000a\000\040\000z\000n\000a\000n\000j\000u}{subsection.2.6}% 17
\BOOKMARK [3][-]{subsubsection.2.6.5}{\376\377\000L\000a\000m\000a\000r\000c\000k\000i\000a\000n\000\040\000S\000E\000A\000-\000S\000A\000W\000\040\000m\000u\000t\000a\000c\000i\000j\000a}{subsection.2.6}% 18
\BOOKMARK [2][-]{subsection.2.7}{\376\377\000P\000o\000l\000i\000t\000i\000k\000a\000\040\000z\000a\000m\000e\000n\000e\000\040\000g\000e\000n\000e\000r\000a\000c\000i\000j\000a}{section.2}% 19
\BOOKMARK [2][-]{subsection.2.8}{\376\377\000L\000o\000k\000a\000l\000n\000a\000\040\000p\000r\000e\000t\000r\000a\000g\000a}{section.2}% 20
\BOOKMARK [2][-]{subsection.2.9}{\376\377\000V\000a\000r\000i\000j\000a\000n\000t\000e\000\040\000E\000A\000\040\000a\000l\000g\000o\000r\000i\000t\000m\000a}{section.2}% 21
\BOOKMARK [3][-]{subsubsection.2.9.1}{\376\377\000S\000A\000W\000E\000A}{subsection.2.9}% 22
\BOOKMARK [3][-]{subsubsection.2.9.2}{\376\377\000R\000F\000E\000A}{subsection.2.9}% 23
\BOOKMARK [3][-]{subsubsection.2.9.3}{\376\377\000F\000l\000i\000p\000G\000A}{subsection.2.9}% 24
\BOOKMARK [3][-]{subsubsection.2.9.4}{\376\377\000A\000S\000A\000P}{subsection.2.9}% 25
\BOOKMARK [2][-]{subsection.2.10}{\376\377\000R\000e\000z\000u\000l\000t\000a\000t\000i}{section.2}% 26
\BOOKMARK [1][-]{section.3}{\376\377\000O\000p\000t\000i\000m\000i\000z\000a\000c\000i\000j\000a\000\040\000r\000o\000j\000e\000m\000\040\001\015\000e\000s\000t\000i\000c\000a\000\040\000\050\000P\000S\000O\000\051}{}% 27
\BOOKMARK [2][-]{subsection.3.1}{\376\377\000P\000s\000e\000u\000d\000o\000k\000o\000d\000\040\000P\000S\000O}{section.3}% 28
\BOOKMARK [2][-]{subsection.3.2}{\376\377\000I\000n\000i\000c\000i\000j\000a\000l\000i\000z\000a\000c\000i\000j\000a\000\040\000r\000e\001\141\000e\000n\000j\000a}{section.3}% 29
\BOOKMARK [2][-]{subsection.3.3}{\376\377\000F\000i\000t\000n\000e\000s\000\040\000f\000u\000n\000k\000c\000i\000j\000a}{section.3}% 30
\BOOKMARK [2][-]{subsection.3.4}{\376\377\000L\000o\000k\000a\000l\000n\000a\000\040\000p\000r\000e\000t\000r\000a\000g\000a\000\040\000i\000\040\000f\000l\000i\000p\000\040\000h\000e\000u\000r\000i\000s\000t\000i\000k\000a}{section.3}% 31
\BOOKMARK [2][-]{subsection.3.5}{\376\377\000V\000a\000r\000i\000j\000a\000n\000t\000e\000\040\000P\000S\000O\000\040\000a\000l\000g\000o\000r\000i\000t\000m\000a}{section.3}% 32
\BOOKMARK [3][-]{subsubsection.3.5.1}{\376\377\000P\000S\000O\000-\000L\000S}{subsection.3.5}% 33
\BOOKMARK [3][-]{subsubsection.3.5.2}{\376\377\000P\000S\000O\000S\000A\000T}{subsection.3.5}% 34
\BOOKMARK [3][-]{subsubsection.3.5.3}{\376\377\000W\000P\000S\000O\000S\000A\000T}{subsection.3.5}% 35
\BOOKMARK [2][-]{subsection.3.6}{\376\377\000R\000e\000z\000u\000l\000t\000a\000t\000i}{section.3}% 36
\BOOKMARK [1][-]{section.4}{\376\377\000Z\000a\000k\000l\000j\000u\001\015\000a\000k}{}% 37
\BOOKMARK [1][-]{section.4}{\376\377\000L\000i\000t\000e\000r\000a\000t\000u\000r\000a}{}% 38
